Determining if the pthread_create exist failed with the following output:
Change Dir: /home/robond/ROS_Localization_Project/build/CMakeFiles/CMakeTmp

Run Build Command:"/usr/bin/make" "cmTC_7ab19/fast"
/usr/bin/make -f CMakeFiles/cmTC_7ab19.dir/build.make CMakeFiles/cmTC_7ab19.dir/build
make[1]: Entering directory '/home/robond/ROS_Localization_Project/build/CMakeFiles/CMakeTmp'
Building C object CMakeFiles/cmTC_7ab19.dir/CheckSymbolExists.c.o
/usr/bin/cc     -o CMakeFiles/cmTC_7ab19.dir/CheckSymbolExists.c.o   -c /home/robond/ROS_Localization_Project/build/CMakeFiles/CMakeTmp/CheckSymbolExists.c
Linking C executable cmTC_7ab19
/usr/bin/cmake -E cmake_link_script CMakeFiles/cmTC_7ab19.dir/link.txt --verbose=1
/usr/bin/cc       CMakeFiles/cmTC_7ab19.dir/CheckSymbolExists.c.o  -o cmTC_7ab19 -rdynamic 
CMakeFiles/cmTC_7ab19.dir/CheckSymbolExists.c.o: In function `main':
CheckSymbolExists.c:(.text+0x16): undefined reference to `pthread_create'
collect2: error: ld returned 1 exit status
CMakeFiles/cmTC_7ab19.dir/build.make:97: recipe for target 'cmTC_7ab19' failed
make[1]: *** [cmTC_7ab19] Error 1
make[1]: Leaving directory '/home/robond/ROS_Localization_Project/build/CMakeFiles/CMakeTmp'
Makefile:126: recipe for target 'cmTC_7ab19/fast' failed
make: *** [cmTC_7ab19/fast] Error 2

File /home/robond/ROS_Localization_Project/build/CMakeFiles/CMakeTmp/CheckSymbolExists.c:
/* */
#include <pthread.h>

int main(int argc, char** argv)
{
  (void)argv;
#ifndef pthread_create
  return ((int*)(&pthread_create))[argc];
#else
  (void)argc;
  return 0;
#endif
}

Determining if the function pthread_create exists in the pthreads failed with the following output:
Change Dir: /home/robond/ROS_Localization_Project/build/CMakeFiles/CMakeTmp

Run Build Command:"/usr/bin/make" "cmTC_1b94e/fast"
/usr/bin/make -f CMakeFiles/cmTC_1b94e.dir/build.make CMakeFiles/cmTC_1b94e.dir/build
make[1]: Entering directory '/home/robond/ROS_Localization_Project/build/CMakeFiles/CMakeTmp'
Building C object CMakeFiles/cmTC_1b94e.dir/CheckFunctionExists.c.o
/usr/bin/cc    -DCHECK_FUNCTION_EXISTS=pthread_create   -o CMakeFiles/cmTC_1b94e.dir/CheckFunctionExists.c.o   -c /usr/share/cmake-3.5/Modules/CheckFunctionExists.c
Linking C executable cmTC_1b94e
/usr/bin/cmake -E cmake_link_script CMakeFiles/cmTC_1b94e.dir/link.txt --verbose=1
/usr/bin/cc   -DCHECK_FUNCTION_EXISTS=pthread_create    CMakeFiles/cmTC_1b94e.dir/CheckFunctionExists.c.o  -o cmTC_1b94e -rdynamic -lpthreads 
/usr/bin/ld: cannot find -lpthreads
collect2: error: ld returned 1 exit status
CMakeFiles/cmTC_1b94e.dir/build.make:97: recipe for target 'cmTC_1b94e' failed
make[1]: *** [cmTC_1b94e] Error 1
make[1]: Leaving directory '/home/robond/ROS_Localization_Project/build/CMakeFiles/CMakeTmp'
Makefile:126: recipe for target 'cmTC_1b94e/fast' failed
make: *** [cmTC_1b94e/fast] Error 2


